[2011-09-21 10:54:48,906] [main] [INFO] [net.hgw4.TestAle] --> TestAle <-- 
[2011-09-21 10:54:48,909] [main] [INFO] [net.hgw4.hal.Hal] --> Hal <-- 
[2011-09-21 10:54:48,909] [main] [INFO] [net.hgw4.hal.Hal] cur config file path: /home/ale/mrd_github/Netcarity---HGW/halConfigs/halConfig 
[2011-09-21 10:54:48,911] [main] [INFO] [net.hgw4.hal.Configurator] --> Configurator <-- 
[2011-09-21 10:54:48,911] [main] [INFO] [net.hgw4.hal.Configurator] Configurator - createNode 
[2011-09-21 10:54:48,911] [main] [INFO] [net.hgw4.hal.Configurator] Configurator - read config file 
[2011-09-21 10:54:48,917] [main] [INFO] [net.hgw4.hal.Configurator] Configurator - create nodes 
[2011-09-21 10:54:48,922] [main] [INFO] [net.hgw4.hal.CommTech] --> CommTech <-- 
[2011-09-21 10:54:48,922] [main] [INFO] [net.hgw4.hal.CommTech] CommTech - in createAndConfigCommTech 
[2011-09-21 10:54:48,924] [main] [INFO] [net.hgw4.hal.SerialComm] --> SerialComm <-- 
[2011-09-21 10:54:49,261] [main] [INFO] [net.hgw4.hal.CommTech] --> DataQueue <-- 
[2011-09-21 10:54:49,263] [main] [INFO] [net.hgw4.hal.CommTech] --> SensorDataLogic <-- 
[2011-09-21 10:54:49,264] [main] [INFO] [net.hgw4.hal.CommTech] --> SensorDataLogic <--checkValue 
[2011-09-21 10:54:49,265] [main] [INFO] [net.hgw4.hal.CommTech] CommTech - create threads 
[2011-09-21 10:54:49,269] [main] [INFO] [net.hgw4.hal.DataEndPoint] --> DataEndPoint <-- 
[2011-09-21 10:54:49,270] [main] [INFO] [net.hgw4.hal.Hal] Hal - startInternalEventHandler  
[2011-09-21 10:54:49,270] [main] [INFO] [net.hgw4.hal.EventHandler] --> EventHandler <-- 
[2011-09-21 10:54:49,270] [main] [INFO] [net.hgw4.hal.CommTech] CommTech - in setEventHandler 
[2011-09-21 10:54:49,270] [main] [INFO] [net.hgw4.hal.Hal] Hal - startExternalEventHandler  
[2011-09-21 10:54:49,270] [main] [INFO] [net.hgw4.hal.Hal] Hal - startAllDataCollecting  
[2011-09-21 10:54:49,770] [Commetch - dataCollectorThread - serial] [INFO] [net.hgw4.hal.CommTech] CommTech - in DataCollectorThreadRun 
[2011-09-21 10:54:49,771] [Commetch - dataCollectorThread - serial] [INFO] [net.hgw4.hal.CommTech] --> insertData <-- 
[2011-09-21 10:54:49,771] [Commetch - dataCollectorThread - serial] [INFO] [net.hgw4.hal.CommTech] --> processSensorDataLogic <-- 
[2011-09-21 10:54:49,771] [Commetch - dataCollectorThread - serial] [INFO] [net.hgw4.hal.CommTech] --> process <-- 
[2011-09-21 10:54:50,271] [poll data from temp sensor] [INFO] [net.hgw4.TestAle] TestAle TimerTask getDataFromSerial()  
[2011-09-21 10:54:50,271] [poll data from temp sensor] [INFO] [net.hgw4.TestAle] ------------------ Serial Temp Sensor ------------------------ 
[2011-09-21 10:54:50,271] [poll data from temp sensor] [INFO] [net.hgw4.hal.Hal] Hal - pollSensors  
[2011-09-21 10:54:50,271] [poll data from temp sensor] [INFO] [net.hgw4.hal.CommTech] CommTech - in getCurSensData 
[2011-09-21 10:54:50,272] [poll data from temp sensor] [INFO] [net.hgw4.hal.CommTech] --> getData <-- 
[2011-09-21 10:54:50,272] [Commetch - dataCollectorThread - serial] [INFO] [net.hgw4.hal.CommTech] CommTech - in DataCollectorThreadRun 
[2011-09-21 10:54:50,272] [Commetch - dataCollectorThread - serial] [INFO] [net.hgw4.hal.CommTech] --> insertData <-- 
[2011-09-21 10:54:50,272] [Commetch - dataCollectorThread - serial] [INFO] [net.hgw4.hal.CommTech] --> processSensorDataLogic <-- 
[2011-09-21 10:54:50,272] [Commetch - dataCollectorThread - serial] [INFO] [net.hgw4.hal.CommTech] --> process <-- 
[2011-09-21 10:54:50,302] [poll data from temp sensor] [INFO] [net.hgw4.hal.CommTech] serial1 curMsg: {"value":"noData"} 
[2011-09-21 10:54:50,304] [poll data from temp sensor] [INFO] [net.hgw4.hal.DataMsgBuilder] --> DataMsgBuilderLogger <-- 
[2011-09-21 10:54:50,308] [poll data from temp sensor] [INFO] [net.hgw4.TestAle] sensor:0003 
[2011-09-21 10:54:50,308] [poll data from temp sensor] [INFO] [net.hgw4.TestAle] endpoint:0001 
[2011-09-21 10:54:50,308] [poll data from temp sensor] [INFO] [net.hgw4.TestAle] msgid:2 
[2011-09-21 10:54:50,308] [poll data from temp sensor] [INFO] [net.hgw4.TestAle] timestamp:Wed Sep 21 10:54:50 CEST 2011 
[2011-09-21 10:54:50,308] [poll data from temp sensor] [INFO] [net.hgw4.TestAle] data:noData 
[2011-09-21 10:54:50,772] [Commetch - dataCollectorThread - serial] [INFO] [net.hgw4.hal.CommTech] CommTech - in DataCollectorThreadRun 
[2011-09-21 10:54:50,772] [Commetch - dataCollectorThread - serial] [INFO] [net.hgw4.hal.CommTech] --> insertData <-- 
[2011-09-21 10:54:50,772] [Commetch - dataCollectorThread - serial] [INFO] [net.hgw4.hal.CommTech] --> processSensorDataLogic <-- 
[2011-09-21 10:54:50,772] [Commetch - dataCollectorThread - serial] [INFO] [net.hgw4.hal.CommTech] --> process <-- 
[2011-09-21 10:54:51,272] [poll data from temp sensor] [INFO] [net.hgw4.TestAle] TestAle TimerTask getDataFromSerial()  
[2011-09-21 10:54:51,272] [poll data from temp sensor] [INFO] [net.hgw4.TestAle] ------------------ Serial Temp Sensor ------------------------ 
[2011-09-21 10:54:51,272] [poll data from temp sensor] [INFO] [net.hgw4.hal.Hal] Hal - pollSensors  
[2011-09-21 10:54:51,272] [poll data from temp sensor] [INFO] [net.hgw4.hal.CommTech] CommTech - in getCurSensData 
[2011-09-21 10:54:51,272] [poll data from temp sensor] [INFO] [net.hgw4.hal.CommTech] --> getData <-- 
[2011-09-21 10:54:51,272] [poll data from temp sensor] [INFO] [net.hgw4.hal.CommTech] serial1 curMsg: {"value":"noData"} 
[2011-09-21 10:54:51,273] [Commetch - dataCollectorThread - serial] [INFO] [net.hgw4.hal.CommTech] CommTech - in DataCollectorThreadRun 
[2011-09-21 10:54:51,273] [Commetch - dataCollectorThread - serial] [INFO] [net.hgw4.hal.CommTech] --> insertData <-- 
[2011-09-21 10:54:51,273] [Commetch - dataCollectorThread - serial] [INFO] [net.hgw4.hal.CommTech] --> processSensorDataLogic <-- 
[2011-09-21 10:54:51,273] [Commetch - dataCollectorThread - serial] [INFO] [net.hgw4.hal.CommTech] --> process <-- 
[2011-09-21 10:54:51,274] [poll data from temp sensor] [INFO] [net.hgw4.hal.DataMsgBuilder] --> DataMsgBuilderLogger <-- 
[2011-09-21 10:54:51,275] [poll data from temp sensor] [INFO] [net.hgw4.TestAle] sensor:0003 
[2011-09-21 10:54:51,275] [poll data from temp sensor] [INFO] [net.hgw4.TestAle] endpoint:0001 
[2011-09-21 10:54:51,275] [poll data from temp sensor] [INFO] [net.hgw4.TestAle] msgid:4 
[2011-09-21 10:54:51,275] [poll data from temp sensor] [INFO] [net.hgw4.TestAle] timestamp:Wed Sep 21 10:54:51 CEST 2011 
[2011-09-21 10:54:51,275] [poll data from temp sensor] [INFO] [net.hgw4.TestAle] data:noData 
[2011-09-21 10:54:51,774] [Commetch - dataCollectorThread - serial] [INFO] [net.hgw4.hal.CommTech] CommTech - in DataCollectorThreadRun 
[2011-09-21 10:54:51,774] [Commetch - dataCollectorThread - serial] [INFO] [net.hgw4.hal.CommTech] --> insertData <-- 
[2011-09-21 10:54:51,774] [Commetch - dataCollectorThread - serial] [INFO] [net.hgw4.hal.CommTech] --> processSensorDataLogic <-- 
[2011-09-21 10:54:51,774] [Commetch - dataCollectorThread - serial] [INFO] [net.hgw4.hal.CommTech] --> process <-- 
[2011-09-21 10:54:52,272] [poll data from temp sensor] [INFO] [net.hgw4.TestAle] TestAle TimerTask getDataFromSerial()  
[2011-09-21 10:54:52,272] [poll data from temp sensor] [INFO] [net.hgw4.TestAle] ------------------ Serial Temp Sensor ------------------------ 
[2011-09-21 10:54:52,272] [poll data from temp sensor] [INFO] [net.hgw4.hal.Hal] Hal - pollSensors  
[2011-09-21 10:54:52,272] [poll data from temp sensor] [INFO] [net.hgw4.hal.CommTech] CommTech - in getCurSensData 
[2011-09-21 10:54:52,272] [poll data from temp sensor] [INFO] [net.hgw4.hal.CommTech] --> getData <-- 
[2011-09-21 10:54:52,273] [poll data from temp sensor] [INFO] [net.hgw4.hal.CommTech] serial1 curMsg: {"value":"408"} 
[2011-09-21 10:54:52,274] [Commetch - dataCollectorThread - serial] [INFO] [net.hgw4.hal.CommTech] CommTech - in DataCollectorThreadRun 
[2011-09-21 10:54:52,274] [Commetch - dataCollectorThread - serial] [INFO] [net.hgw4.hal.CommTech] --> insertData <-- 
[2011-09-21 10:54:52,274] [Commetch - dataCollectorThread - serial] [INFO] [net.hgw4.hal.CommTech] --> processSensorDataLogic <-- 
[2011-09-21 10:54:52,274] [Commetch - dataCollectorThread - serial] [INFO] [net.hgw4.hal.CommTech] --> process <-- 
[2011-09-21 10:54:52,275] [poll data from temp sensor] [INFO] [net.hgw4.hal.DataMsgBuilder] --> DataMsgBuilderLogger <-- 
[2011-09-21 10:54:52,275] [poll data from temp sensor] [INFO] [net.hgw4.TestAle] sensor:0003 
[2011-09-21 10:54:52,275] [poll data from temp sensor] [INFO] [net.hgw4.TestAle] endpoint:0001 
[2011-09-21 10:54:52,275] [poll data from temp sensor] [INFO] [net.hgw4.TestAle] msgid:6 
[2011-09-21 10:54:52,275] [poll data from temp sensor] [INFO] [net.hgw4.TestAle] timestamp:Wed Sep 21 10:54:52 CEST 2011 
[2011-09-21 10:54:52,277] [poll data from temp sensor] [INFO] [net.hgw4.TestAle] data:15.859998 
[2011-09-21 10:54:52,774] [Commetch - dataCollectorThread - serial] [INFO] [net.hgw4.hal.CommTech] CommTech - in DataCollectorThreadRun 
[2011-09-21 10:54:52,774] [Commetch - dataCollectorThread - serial] [INFO] [net.hgw4.hal.CommTech] --> insertData <-- 
[2011-09-21 10:54:52,774] [Commetch - dataCollectorThread - serial] [INFO] [net.hgw4.hal.CommTech] --> processSensorDataLogic <-- 
[2011-09-21 10:54:52,774] [Commetch - dataCollectorThread - serial] [INFO] [net.hgw4.hal.CommTech] --> process <-- 
[2011-09-21 10:54:53,272] [poll data from temp sensor] [INFO] [net.hgw4.TestAle] TestAle TimerTask getDataFromSerial()  
[2011-09-21 10:54:53,272] [poll data from temp sensor] [INFO] [net.hgw4.TestAle] ------------------ Serial Temp Sensor ------------------------ 
[2011-09-21 10:54:53,272] [poll data from temp sensor] [INFO] [net.hgw4.hal.Hal] Hal - pollSensors  
[2011-09-21 10:54:53,272] [poll data from temp sensor] [INFO] [net.hgw4.hal.CommTech] CommTech - in getCurSensData 
[2011-09-21 10:54:53,272] [poll data from temp sensor] [INFO] [net.hgw4.hal.CommTech] --> getData <-- 
[2011-09-21 10:54:53,273] [poll data from temp sensor] [INFO] [net.hgw4.hal.CommTech] serial1 curMsg: {"value":"408"} 
[2011-09-21 10:54:53,274] [Commetch - dataCollectorThread - serial] [INFO] [net.hgw4.hal.CommTech] CommTech - in DataCollectorThreadRun 
[2011-09-21 10:54:53,275] [Commetch - dataCollectorThread - serial] [INFO] [net.hgw4.hal.CommTech] --> insertData <-- 
[2011-09-21 10:54:53,275] [Commetch - dataCollectorThread - serial] [INFO] [net.hgw4.hal.CommTech] --> processSensorDataLogic <-- 
[2011-09-21 10:54:53,275] [Commetch - dataCollectorThread - serial] [INFO] [net.hgw4.hal.CommTech] --> process <-- 
[2011-09-21 10:54:53,275] [poll data from temp sensor] [INFO] [net.hgw4.hal.DataMsgBuilder] --> DataMsgBuilderLogger <-- 
[2011-09-21 10:54:53,276] [poll data from temp sensor] [INFO] [net.hgw4.TestAle] sensor:0003 
[2011-09-21 10:54:53,276] [poll data from temp sensor] [INFO] [net.hgw4.TestAle] endpoint:0001 
[2011-09-21 10:54:53,276] [poll data from temp sensor] [INFO] [net.hgw4.TestAle] msgid:8 
[2011-09-21 10:54:53,276] [poll data from temp sensor] [INFO] [net.hgw4.TestAle] timestamp:Wed Sep 21 10:54:53 CEST 2011 
[2011-09-21 10:54:53,276] [poll data from temp sensor] [INFO] [net.hgw4.TestAle] data:15.859998 
[2011-09-21 10:54:53,775] [Commetch - dataCollectorThread - serial] [INFO] [net.hgw4.hal.CommTech] CommTech - in DataCollectorThreadRun 
[2011-09-21 10:54:53,775] [Commetch - dataCollectorThread - serial] [INFO] [net.hgw4.hal.CommTech] --> insertData <-- 
[2011-09-21 10:54:53,775] [Commetch - dataCollectorThread - serial] [INFO] [net.hgw4.hal.CommTech] --> processSensorDataLogic <-- 
[2011-09-21 10:54:53,775] [Commetch - dataCollectorThread - serial] [INFO] [net.hgw4.hal.CommTech] --> process <-- 
[2011-09-21 10:54:54,272] [poll data from temp sensor] [INFO] [net.hgw4.TestAle] TestAle TimerTask getDataFromSerial()  
[2011-09-21 10:54:54,272] [poll data from temp sensor] [INFO] [net.hgw4.TestAle] ------------------ Serial Temp Sensor ------------------------ 
[2011-09-21 10:54:54,273] [poll data from temp sensor] [INFO] [net.hgw4.hal.Hal] Hal - pollSensors  
[2011-09-21 10:54:54,273] [poll data from temp sensor] [INFO] [net.hgw4.hal.CommTech] CommTech - in getCurSensData 
[2011-09-21 10:54:54,273] [poll data from temp sensor] [INFO] [net.hgw4.hal.CommTech] --> getData <-- 
[2011-09-21 10:54:54,274] [poll data from temp sensor] [INFO] [net.hgw4.hal.CommTech] serial1 curMsg: {"value":"408"} 
[2011-09-21 10:54:54,275] [Commetch - dataCollectorThread - serial] [INFO] [net.hgw4.hal.CommTech] CommTech - in DataCollectorThreadRun 
[2011-09-21 10:54:54,275] [Commetch - dataCollectorThread - serial] [INFO] [net.hgw4.hal.CommTech] --> insertData <-- 
[2011-09-21 10:54:54,275] [Commetch - dataCollectorThread - serial] [INFO] [net.hgw4.hal.CommTech] --> processSensorDataLogic <-- 
[2011-09-21 10:54:54,275] [Commetch - dataCollectorThread - serial] [INFO] [net.hgw4.hal.CommTech] --> process <-- 
[2011-09-21 10:54:54,276] [poll data from temp sensor] [INFO] [net.hgw4.hal.DataMsgBuilder] --> DataMsgBuilderLogger <-- 
[2011-09-21 10:54:54,277] [poll data from temp sensor] [INFO] [net.hgw4.TestAle] sensor:0003 
[2011-09-21 10:54:54,277] [poll data from temp sensor] [INFO] [net.hgw4.TestAle] endpoint:0001 
[2011-09-21 10:54:54,277] [poll data from temp sensor] [INFO] [net.hgw4.TestAle] msgid:10 
[2011-09-21 10:54:54,277] [poll data from temp sensor] [INFO] [net.hgw4.TestAle] timestamp:Wed Sep 21 10:54:54 CEST 2011 
[2011-09-21 10:54:54,277] [poll data from temp sensor] [INFO] [net.hgw4.TestAle] data:15.859998 
[2011-09-21 10:54:54,776] [Commetch - dataCollectorThread - serial] [INFO] [net.hgw4.hal.CommTech] CommTech - in DataCollectorThreadRun 
[2011-09-21 10:54:54,776] [Commetch - dataCollectorThread - serial] [INFO] [net.hgw4.hal.CommTech] --> insertData <-- 
[2011-09-21 10:54:54,776] [Commetch - dataCollectorThread - serial] [INFO] [net.hgw4.hal.CommTech] --> processSensorDataLogic <-- 
[2011-09-21 10:54:54,776] [Commetch - dataCollectorThread - serial] [INFO] [net.hgw4.hal.CommTech] --> process <-- 
[2011-09-21 10:54:55,273] [poll data from temp sensor] [INFO] [net.hgw4.TestAle] TestAle TimerTask getDataFromSerial()  
[2011-09-21 10:54:55,273] [poll data from temp sensor] [INFO] [net.hgw4.TestAle] ------------------ Serial Temp Sensor ------------------------ 
[2011-09-21 10:54:55,273] [poll data from temp sensor] [INFO] [net.hgw4.hal.Hal] Hal - pollSensors  
[2011-09-21 10:54:55,273] [poll data from temp sensor] [INFO] [net.hgw4.hal.CommTech] CommTech - in getCurSensData 
[2011-09-21 10:54:55,273] [poll data from temp sensor] [INFO] [net.hgw4.hal.CommTech] --> getData <-- 
[2011-09-21 10:54:55,273] [poll data from temp sensor] [INFO] [net.hgw4.hal.CommTech] serial1 curMsg: {"value":"411"} 
[2011-09-21 10:54:55,275] [poll data from temp sensor] [INFO] [net.hgw4.hal.DataMsgBuilder] --> DataMsgBuilderLogger <-- 
[2011-09-21 10:54:55,276] [Commetch - dataCollectorThread - serial] [INFO] [net.hgw4.hal.CommTech] CommTech - in DataCollectorThreadRun 
[2011-09-21 10:54:55,276] [poll data from temp sensor] [INFO] [net.hgw4.TestAle] sensor:0003 
[2011-09-21 10:54:55,276] [poll data from temp sensor] [INFO] [net.hgw4.TestAle] endpoint:0001 
[2011-09-21 10:54:55,276] [Commetch - dataCollectorThread - serial] [INFO] [net.hgw4.hal.CommTech] --> insertData <-- 
[2011-09-21 10:54:55,276] [poll data from temp sensor] [INFO] [net.hgw4.TestAle] msgid:12 
[2011-09-21 10:54:55,276] [Commetch - dataCollectorThread - serial] [INFO] [net.hgw4.hal.CommTech] --> processSensorDataLogic <-- 
[2011-09-21 10:54:55,277] [poll data from temp sensor] [INFO] [net.hgw4.TestAle] timestamp:Wed Sep 21 10:54:55 CEST 2011 
[2011-09-21 10:54:55,277] [Commetch - dataCollectorThread - serial] [INFO] [net.hgw4.hal.CommTech] --> process <-- 
[2011-09-21 10:54:55,277] [poll data from temp sensor] [INFO] [net.hgw4.TestAle] data:16.579998 
[2011-09-21 10:54:55,777] [Commetch - dataCollectorThread - serial] [INFO] [net.hgw4.hal.CommTech] CommTech - in DataCollectorThreadRun 
[2011-09-21 10:54:55,777] [Commetch - dataCollectorThread - serial] [INFO] [net.hgw4.hal.CommTech] --> insertData <-- 
[2011-09-21 10:54:55,777] [Commetch - dataCollectorThread - serial] [INFO] [net.hgw4.hal.CommTech] --> processSensorDataLogic <-- 
[2011-09-21 10:54:55,777] [Commetch - dataCollectorThread - serial] [INFO] [net.hgw4.hal.CommTech] --> process <-- 
[2011-09-21 10:54:56,273] [poll data from temp sensor] [INFO] [net.hgw4.TestAle] TestAle TimerTask getDataFromSerial()  
[2011-09-21 10:54:56,273] [poll data from temp sensor] [INFO] [net.hgw4.TestAle] ------------------ Serial Temp Sensor ------------------------ 
[2011-09-21 10:54:56,273] [poll data from temp sensor] [INFO] [net.hgw4.hal.Hal] Hal - pollSensors  
[2011-09-21 10:54:56,273] [poll data from temp sensor] [INFO] [net.hgw4.hal.CommTech] CommTech - in getCurSensData 
[2011-09-21 10:54:56,273] [poll data from temp sensor] [INFO] [net.hgw4.hal.CommTech] --> getData <-- 
[2011-09-21 10:54:56,274] [poll data from temp sensor] [INFO] [net.hgw4.hal.CommTech] serial1 curMsg: {"value":"411"} 
[2011-09-21 10:54:56,276] [poll data from temp sensor] [INFO] [net.hgw4.hal.DataMsgBuilder] --> DataMsgBuilderLogger <-- 
[2011-09-21 10:54:56,277] [poll data from temp sensor] [INFO] [net.hgw4.TestAle] sensor:0003 
[2011-09-21 10:54:56,277] [poll data from temp sensor] [INFO] [net.hgw4.TestAle] endpoint:0001 
[2011-09-21 10:54:56,277] [poll data from temp sensor] [INFO] [net.hgw4.TestAle] msgid:14 
[2011-09-21 10:54:56,277] [poll data from temp sensor] [INFO] [net.hgw4.TestAle] timestamp:Wed Sep 21 10:54:56 CEST 2011 
[2011-09-21 10:54:56,277] [poll data from temp sensor] [INFO] [net.hgw4.TestAle] data:16.579998 
[2011-09-21 10:54:56,277] [Commetch - dataCollectorThread - serial] [INFO] [net.hgw4.hal.CommTech] CommTech - in DataCollectorThreadRun 
[2011-09-21 10:54:56,277] [Commetch - dataCollectorThread - serial] [INFO] [net.hgw4.hal.CommTech] --> insertData <-- 
[2011-09-21 10:54:56,278] [Commetch - dataCollectorThread - serial] [INFO] [net.hgw4.hal.CommTech] --> processSensorDataLogic <-- 
[2011-09-21 10:54:56,278] [Commetch - dataCollectorThread - serial] [INFO] [net.hgw4.hal.CommTech] --> process <-- 
[2011-09-21 10:54:56,778] [Commetch - dataCollectorThread - serial] [INFO] [net.hgw4.hal.CommTech] CommTech - in DataCollectorThreadRun 
[2011-09-21 10:54:56,778] [Commetch - dataCollectorThread - serial] [INFO] [net.hgw4.hal.CommTech] --> insertData <-- 
[2011-09-21 10:54:56,778] [Commetch - dataCollectorThread - serial] [INFO] [net.hgw4.hal.CommTech] --> processSensorDataLogic <-- 
[2011-09-21 10:54:56,778] [Commetch - dataCollectorThread - serial] [INFO] [net.hgw4.hal.CommTech] --> process <-- 
[2011-09-21 10:54:57,274] [poll data from temp sensor] [INFO] [net.hgw4.TestAle] TestAle TimerTask getDataFromSerial()  
[2011-09-21 10:54:57,274] [poll data from temp sensor] [INFO] [net.hgw4.TestAle] ------------------ Serial Temp Sensor ------------------------ 
[2011-09-21 10:54:57,274] [poll data from temp sensor] [INFO] [net.hgw4.hal.Hal] Hal - pollSensors  
[2011-09-21 10:54:57,274] [poll data from temp sensor] [INFO] [net.hgw4.hal.CommTech] CommTech - in getCurSensData 
[2011-09-21 10:54:57,274] [poll data from temp sensor] [INFO] [net.hgw4.hal.CommTech] --> getData <-- 
[2011-09-21 10:54:57,274] [poll data from temp sensor] [INFO] [net.hgw4.hal.CommTech] serial1 curMsg: {"value":"411"} 
[2011-09-21 10:54:57,278] [Commetch - dataCollectorThread - serial] [INFO] [net.hgw4.hal.CommTech] CommTech - in DataCollectorThreadRun 
[2011-09-21 10:54:57,280] [Commetch - dataCollectorThread - serial] [INFO] [net.hgw4.hal.CommTech] --> insertData <-- 
[2011-09-21 10:54:57,280] [Commetch - dataCollectorThread - serial] [INFO] [net.hgw4.hal.CommTech] --> processSensorDataLogic <-- 
[2011-09-21 10:54:57,280] [Commetch - dataCollectorThread - serial] [INFO] [net.hgw4.hal.CommTech] --> process <-- 
[2011-09-21 10:54:57,281] [poll data from temp sensor] [INFO] [net.hgw4.hal.DataMsgBuilder] --> DataMsgBuilderLogger <-- 
[2011-09-21 10:54:57,282] [poll data from temp sensor] [INFO] [net.hgw4.TestAle] sensor:0003 
[2011-09-21 10:54:57,282] [poll data from temp sensor] [INFO] [net.hgw4.TestAle] endpoint:0001 
[2011-09-21 10:54:57,282] [poll data from temp sensor] [INFO] [net.hgw4.TestAle] msgid:16 
[2011-09-21 10:54:57,282] [poll data from temp sensor] [INFO] [net.hgw4.TestAle] timestamp:Wed Sep 21 10:54:57 CEST 2011 
[2011-09-21 10:54:57,282] [poll data from temp sensor] [INFO] [net.hgw4.TestAle] data:16.579998 
[2011-09-21 10:54:57,780] [Commetch - dataCollectorThread - serial] [INFO] [net.hgw4.hal.CommTech] CommTech - in DataCollectorThreadRun 
[2011-09-21 10:54:57,780] [Commetch - dataCollectorThread - serial] [INFO] [net.hgw4.hal.CommTech] --> insertData <-- 
[2011-09-21 10:54:57,780] [Commetch - dataCollectorThread - serial] [INFO] [net.hgw4.hal.CommTech] --> processSensorDataLogic <-- 
[2011-09-21 10:54:57,780] [Commetch - dataCollectorThread - serial] [INFO] [net.hgw4.hal.CommTech] --> process <-- 
[2011-09-21 10:54:58,274] [poll data from temp sensor] [INFO] [net.hgw4.TestAle] TestAle TimerTask getDataFromSerial()  
[2011-09-21 10:54:58,274] [poll data from temp sensor] [INFO] [net.hgw4.TestAle] ------------------ Serial Temp Sensor ------------------------ 
[2011-09-21 10:54:58,275] [poll data from temp sensor] [INFO] [net.hgw4.hal.Hal] Hal - pollSensors  
[2011-09-21 10:54:58,275] [poll data from temp sensor] [INFO] [net.hgw4.hal.CommTech] CommTech - in getCurSensData 
[2011-09-21 10:54:58,275] [poll data from temp sensor] [INFO] [net.hgw4.hal.CommTech] --> getData <-- 
[2011-09-21 10:54:58,275] [poll data from temp sensor] [INFO] [net.hgw4.hal.CommTech] serial1 curMsg: {"value":"412"} 
[2011-09-21 10:54:58,277] [poll data from temp sensor] [INFO] [net.hgw4.hal.DataMsgBuilder] --> DataMsgBuilderLogger <-- 
[2011-09-21 10:54:58,277] [poll data from temp sensor] [INFO] [net.hgw4.TestAle] sensor:0003 
[2011-09-21 10:54:58,277] [poll data from temp sensor] [INFO] [net.hgw4.TestAle] endpoint:0001 
[2011-09-21 10:54:58,277] [poll data from temp sensor] [INFO] [net.hgw4.TestAle] msgid:18 
[2011-09-21 10:54:58,277] [poll data from temp sensor] [INFO] [net.hgw4.TestAle] timestamp:Wed Sep 21 10:54:58 CEST 2011 
[2011-09-21 10:54:58,278] [poll data from temp sensor] [INFO] [net.hgw4.TestAle] data:16.66 
[2011-09-21 10:54:58,280] [Commetch - dataCollectorThread - serial] [INFO] [net.hgw4.hal.CommTech] CommTech - in DataCollectorThreadRun 
[2011-09-21 10:54:58,280] [Commetch - dataCollectorThread - serial] [INFO] [net.hgw4.hal.CommTech] --> insertData <-- 
[2011-09-21 10:54:58,280] [Commetch - dataCollectorThread - serial] [INFO] [net.hgw4.hal.CommTech] --> processSensorDataLogic <-- 
[2011-09-21 10:54:58,281] [Commetch - dataCollectorThread - serial] [INFO] [net.hgw4.hal.CommTech] --> process <-- 
[2011-09-21 10:54:58,781] [Commetch - dataCollectorThread - serial] [INFO] [net.hgw4.hal.CommTech] CommTech - in DataCollectorThreadRun 
[2011-09-21 10:54:58,781] [Commetch - dataCollectorThread - serial] [INFO] [net.hgw4.hal.CommTech] --> insertData <-- 
[2011-09-21 10:54:58,781] [Commetch - dataCollectorThread - serial] [INFO] [net.hgw4.hal.CommTech] --> processSensorDataLogic <-- 
[2011-09-21 10:54:58,781] [Commetch - dataCollectorThread - serial] [INFO] [net.hgw4.hal.CommTech] --> process <-- 
[2011-09-21 10:54:59,274] [poll data from temp sensor] [INFO] [net.hgw4.TestAle] TestAle TimerTask getDataFromSerial()  
[2011-09-21 10:54:59,274] [poll data from temp sensor] [INFO] [net.hgw4.TestAle] ------------------ Serial Temp Sensor ------------------------ 
[2011-09-21 10:54:59,274] [poll data from temp sensor] [INFO] [net.hgw4.hal.Hal] Hal - pollSensors  
[2011-09-21 10:54:59,274] [poll data from temp sensor] [INFO] [net.hgw4.hal.CommTech] CommTech - in getCurSensData 
[2011-09-21 10:54:59,274] [poll data from temp sensor] [INFO] [net.hgw4.hal.CommTech] --> getData <-- 
[2011-09-21 10:54:59,275] [poll data from temp sensor] [INFO] [net.hgw4.hal.CommTech] serial1 curMsg: {"value":"412"} 
[2011-09-21 10:54:59,276] [poll data from temp sensor] [INFO] [net.hgw4.hal.DataMsgBuilder] --> DataMsgBuilderLogger <-- 
[2011-09-21 10:54:59,277] [poll data from temp sensor] [INFO] [net.hgw4.TestAle] sensor:0003 
[2011-09-21 10:54:59,277] [poll data from temp sensor] [INFO] [net.hgw4.TestAle] endpoint:0001 
[2011-09-21 10:54:59,277] [poll data from temp sensor] [INFO] [net.hgw4.TestAle] msgid:20 
[2011-09-21 10:54:59,277] [poll data from temp sensor] [INFO] [net.hgw4.TestAle] timestamp:Wed Sep 21 10:54:59 CEST 2011 
[2011-09-21 10:54:59,277] [poll data from temp sensor] [INFO] [net.hgw4.TestAle] data:16.66 
[2011-09-21 10:54:59,281] [Commetch - dataCollectorThread - serial] [INFO] [net.hgw4.hal.CommTech] CommTech - in DataCollectorThreadRun 
[2011-09-21 10:54:59,281] [Commetch - dataCollectorThread - serial] [INFO] [net.hgw4.hal.CommTech] --> insertData <-- 
[2011-09-21 10:54:59,281] [Commetch - dataCollectorThread - serial] [INFO] [net.hgw4.hal.CommTech] --> processSensorDataLogic <-- 
[2011-09-21 10:54:59,281] [Commetch - dataCollectorThread - serial] [INFO] [net.hgw4.hal.CommTech] --> process <-- 
[2011-09-21 10:54:59,781] [Commetch - dataCollectorThread - serial] [INFO] [net.hgw4.hal.CommTech] CommTech - in DataCollectorThreadRun 
[2011-09-21 10:54:59,781] [Commetch - dataCollectorThread - serial] [INFO] [net.hgw4.hal.CommTech] --> insertData <-- 
[2011-09-21 10:54:59,781] [Commetch - dataCollectorThread - serial] [INFO] [net.hgw4.hal.CommTech] --> processSensorDataLogic <-- 
[2011-09-21 10:54:59,781] [Commetch - dataCollectorThread - serial] [INFO] [net.hgw4.hal.CommTech] --> process <-- 
[2011-09-21 10:55:00,274] [poll data from temp sensor] [INFO] [net.hgw4.TestAle] TestAle TimerTask getDataFromSerial()  
[2011-09-21 10:55:00,274] [poll data from temp sensor] [INFO] [net.hgw4.TestAle] ------------------ Serial Temp Sensor ------------------------ 
[2011-09-21 10:55:00,275] [poll data from temp sensor] [INFO] [net.hgw4.hal.Hal] Hal - pollSensors  
[2011-09-21 10:55:00,275] [poll data from temp sensor] [INFO] [net.hgw4.hal.CommTech] CommTech - in getCurSensData 
[2011-09-21 10:55:00,275] [poll data from temp sensor] [INFO] [net.hgw4.hal.CommTech] --> getData <-- 
[2011-09-21 10:55:00,275] [poll data from temp sensor] [INFO] [net.hgw4.hal.CommTech] serial1 curMsg: {"value":"411"} 
[2011-09-21 10:55:00,277] [poll data from temp sensor] [INFO] [net.hgw4.hal.DataMsgBuilder] --> DataMsgBuilderLogger <-- 
[2011-09-21 10:55:00,277] [poll data from temp sensor] [INFO] [net.hgw4.TestAle] sensor:0003 
[2011-09-21 10:55:00,277] [poll data from temp sensor] [INFO] [net.hgw4.TestAle] endpoint:0001 
[2011-09-21 10:55:00,277] [poll data from temp sensor] [INFO] [net.hgw4.TestAle] msgid:22 
[2011-09-21 10:55:00,277] [poll data from temp sensor] [INFO] [net.hgw4.TestAle] timestamp:Wed Sep 21 10:55:00 CEST 2011 
[2011-09-21 10:55:00,277] [poll data from temp sensor] [INFO] [net.hgw4.TestAle] data:16.579998 
[2011-09-21 10:55:00,282] [Commetch - dataCollectorThread - serial] [INFO] [net.hgw4.hal.CommTech] CommTech - in DataCollectorThreadRun 
[2011-09-21 10:55:00,282] [Commetch - dataCollectorThread - serial] [INFO] [net.hgw4.hal.CommTech] --> insertData <-- 
[2011-09-21 10:55:00,282] [Commetch - dataCollectorThread - serial] [INFO] [net.hgw4.hal.CommTech] --> processSensorDataLogic <-- 
[2011-09-21 10:55:00,282] [Commetch - dataCollectorThread - serial] [INFO] [net.hgw4.hal.CommTech] --> process <-- 
[2011-09-21 10:55:00,782] [Commetch - dataCollectorThread - serial] [INFO] [net.hgw4.hal.CommTech] CommTech - in DataCollectorThreadRun 
[2011-09-21 10:55:00,782] [Commetch - dataCollectorThread - serial] [INFO] [net.hgw4.hal.CommTech] --> insertData <-- 
[2011-09-21 10:55:00,782] [Commetch - dataCollectorThread - serial] [INFO] [net.hgw4.hal.CommTech] --> processSensorDataLogic <-- 
[2011-09-21 10:55:00,782] [Commetch - dataCollectorThread - serial] [INFO] [net.hgw4.hal.CommTech] --> process <-- 
[2011-09-21 10:55:01,275] [poll data from temp sensor] [INFO] [net.hgw4.TestAle] TestAle TimerTask getDataFromSerial()  
[2011-09-21 10:55:01,275] [poll data from temp sensor] [INFO] [net.hgw4.TestAle] ------------------ Serial Temp Sensor ------------------------ 
[2011-09-21 10:55:01,275] [poll data from temp sensor] [INFO] [net.hgw4.hal.Hal] Hal - pollSensors  
[2011-09-21 10:55:01,275] [poll data from temp sensor] [INFO] [net.hgw4.hal.CommTech] CommTech - in getCurSensData 
[2011-09-21 10:55:01,275] [poll data from temp sensor] [INFO] [net.hgw4.hal.CommTech] --> getData <-- 
[2011-09-21 10:55:01,275] [poll data from temp sensor] [INFO] [net.hgw4.hal.CommTech] serial1 curMsg: {"value":"411"} 
[2011-09-21 10:55:01,277] [poll data from temp sensor] [INFO] [net.hgw4.hal.DataMsgBuilder] --> DataMsgBuilderLogger <-- 
[2011-09-21 10:55:01,277] [poll data from temp sensor] [INFO] [net.hgw4.TestAle] sensor:0003 
[2011-09-21 10:55:01,277] [poll data from temp sensor] [INFO] [net.hgw4.TestAle] endpoint:0001 
[2011-09-21 10:55:01,277] [poll data from temp sensor] [INFO] [net.hgw4.TestAle] msgid:24 
[2011-09-21 10:55:01,277] [poll data from temp sensor] [INFO] [net.hgw4.TestAle] timestamp:Wed Sep 21 10:55:01 CEST 2011 
[2011-09-21 10:55:01,277] [poll data from temp sensor] [INFO] [net.hgw4.TestAle] data:16.579998 
[2011-09-21 10:55:01,282] [Commetch - dataCollectorThread - serial] [INFO] [net.hgw4.hal.CommTech] CommTech - in DataCollectorThreadRun 
[2011-09-21 10:55:01,283] [Commetch - dataCollectorThread - serial] [INFO] [net.hgw4.hal.CommTech] --> insertData <-- 
[2011-09-21 10:55:01,283] [Commetch - dataCollectorThread - serial] [INFO] [net.hgw4.hal.CommTech] --> processSensorDataLogic <-- 
[2011-09-21 10:55:01,283] [Commetch - dataCollectorThread - serial] [INFO] [net.hgw4.hal.CommTech] --> process <-- 
[2011-09-21 10:55:01,783] [Commetch - dataCollectorThread - serial] [INFO] [net.hgw4.hal.CommTech] CommTech - in DataCollectorThreadRun 
[2011-09-21 10:55:01,783] [Commetch - dataCollectorThread - serial] [INFO] [net.hgw4.hal.CommTech] --> insertData <-- 
[2011-09-21 10:55:01,783] [Commetch - dataCollectorThread - serial] [INFO] [net.hgw4.hal.CommTech] --> processSensorDataLogic <-- 
[2011-09-21 10:55:01,783] [Commetch - dataCollectorThread - serial] [INFO] [net.hgw4.hal.CommTech] --> process <-- 
[2011-09-21 10:55:02,275] [poll data from temp sensor] [INFO] [net.hgw4.TestAle] TestAle TimerTask getDataFromSerial()  
[2011-09-21 10:55:02,275] [poll data from temp sensor] [INFO] [net.hgw4.TestAle] ------------------ Serial Temp Sensor ------------------------ 
[2011-09-21 10:55:02,275] [poll data from temp sensor] [INFO] [net.hgw4.hal.Hal] Hal - pollSensors  
[2011-09-21 10:55:02,275] [poll data from temp sensor] [INFO] [net.hgw4.hal.CommTech] CommTech - in getCurSensData 
[2011-09-21 10:55:02,275] [poll data from temp sensor] [INFO] [net.hgw4.hal.CommTech] --> getData <-- 
[2011-09-21 10:55:02,275] [poll data from temp sensor] [INFO] [net.hgw4.hal.CommTech] serial1 curMsg: {"value":"411"} 
[2011-09-21 10:55:02,277] [poll data from temp sensor] [INFO] [net.hgw4.hal.DataMsgBuilder] --> DataMsgBuilderLogger <-- 
[2011-09-21 10:55:02,277] [poll data from temp sensor] [INFO] [net.hgw4.TestAle] sensor:0003 
[2011-09-21 10:55:02,277] [poll data from temp sensor] [INFO] [net.hgw4.TestAle] endpoint:0001 
[2011-09-21 10:55:02,277] [poll data from temp sensor] [INFO] [net.hgw4.TestAle] msgid:26 
[2011-09-21 10:55:02,277] [poll data from temp sensor] [INFO] [net.hgw4.TestAle] timestamp:Wed Sep 21 10:55:02 CEST 2011 
[2011-09-21 10:55:02,278] [poll data from temp sensor] [INFO] [net.hgw4.TestAle] data:16.579998 
[2011-09-21 10:55:02,283] [Commetch - dataCollectorThread - serial] [INFO] [net.hgw4.hal.CommTech] CommTech - in DataCollectorThreadRun 
[2011-09-21 10:55:02,283] [Commetch - dataCollectorThread - serial] [INFO] [net.hgw4.hal.CommTech] --> insertData <-- 
[2011-09-21 10:55:02,283] [Commetch - dataCollectorThread - serial] [INFO] [net.hgw4.hal.CommTech] --> processSensorDataLogic <-- 
[2011-09-21 10:55:02,283] [Commetch - dataCollectorThread - serial] [INFO] [net.hgw4.hal.CommTech] --> process <-- 
[2011-09-21 10:55:02,784] [Commetch - dataCollectorThread - serial] [INFO] [net.hgw4.hal.CommTech] CommTech - in DataCollectorThreadRun 
[2011-09-21 10:55:02,784] [Commetch - dataCollectorThread - serial] [INFO] [net.hgw4.hal.CommTech] --> insertData <-- 
[2011-09-21 10:55:02,784] [Commetch - dataCollectorThread - serial] [INFO] [net.hgw4.hal.CommTech] --> processSensorDataLogic <-- 
[2011-09-21 10:55:02,784] [Commetch - dataCollectorThread - serial] [INFO] [net.hgw4.hal.CommTech] --> process <-- 
[2011-09-21 10:55:03,275] [poll data from temp sensor] [INFO] [net.hgw4.TestAle] TestAle TimerTask getDataFromSerial()  
[2011-09-21 10:55:03,275] [poll data from temp sensor] [INFO] [net.hgw4.TestAle] ------------------ Serial Temp Sensor ------------------------ 
[2011-09-21 10:55:03,275] [poll data from temp sensor] [INFO] [net.hgw4.hal.Hal] Hal - pollSensors  
[2011-09-21 10:55:03,275] [poll data from temp sensor] [INFO] [net.hgw4.hal.CommTech] CommTech - in getCurSensData 
[2011-09-21 10:55:03,275] [poll data from temp sensor] [INFO] [net.hgw4.hal.CommTech] --> getData <-- 
[2011-09-21 10:55:03,276] [poll data from temp sensor] [INFO] [net.hgw4.hal.CommTech] serial1 curMsg: {"value":"411"} 
[2011-09-21 10:55:03,277] [poll data from temp sensor] [INFO] [net.hgw4.hal.DataMsgBuilder] --> DataMsgBuilderLogger <-- 
[2011-09-21 10:55:03,277] [poll data from temp sensor] [INFO] [net.hgw4.TestAle] sensor:0003 
[2011-09-21 10:55:03,277] [poll data from temp sensor] [INFO] [net.hgw4.TestAle] endpoint:0001 
[2011-09-21 10:55:03,278] [poll data from temp sensor] [INFO] [net.hgw4.TestAle] msgid:28 
[2011-09-21 10:55:03,278] [poll data from temp sensor] [INFO] [net.hgw4.TestAle] timestamp:Wed Sep 21 10:55:03 CEST 2011 
[2011-09-21 10:55:03,278] [poll data from temp sensor] [INFO] [net.hgw4.TestAle] data:16.579998 
[2011-09-21 10:55:03,284] [Commetch - dataCollectorThread - serial] [INFO] [net.hgw4.hal.CommTech] CommTech - in DataCollectorThreadRun 
[2011-09-21 10:55:03,284] [Commetch - dataCollectorThread - serial] [INFO] [net.hgw4.hal.CommTech] --> insertData <-- 
[2011-09-21 10:55:03,284] [Commetch - dataCollectorThread - serial] [INFO] [net.hgw4.hal.CommTech] --> processSensorDataLogic <-- 
[2011-09-21 10:55:03,284] [Commetch - dataCollectorThread - serial] [INFO] [net.hgw4.hal.CommTech] --> process <-- 
[2011-09-21 10:55:03,784] [Commetch - dataCollectorThread - serial] [INFO] [net.hgw4.hal.CommTech] CommTech - in DataCollectorThreadRun 
[2011-09-21 10:55:03,784] [Commetch - dataCollectorThread - serial] [INFO] [net.hgw4.hal.CommTech] --> insertData <-- 
[2011-09-21 10:55:03,784] [Commetch - dataCollectorThread - serial] [INFO] [net.hgw4.hal.CommTech] --> processSensorDataLogic <-- 
[2011-09-21 10:55:03,784] [Commetch - dataCollectorThread - serial] [INFO] [net.hgw4.hal.CommTech] --> process <-- 
[2011-09-21 10:55:04,275] [poll data from temp sensor] [INFO] [net.hgw4.TestAle] TestAle TimerTask getDataFromSerial()  
[2011-09-21 10:55:04,275] [poll data from temp sensor] [INFO] [net.hgw4.TestAle] ------------------ Serial Temp Sensor ------------------------ 
[2011-09-21 10:55:04,276] [poll data from temp sensor] [INFO] [net.hgw4.hal.Hal] Hal - pollSensors  
[2011-09-21 10:55:04,276] [poll data from temp sensor] [INFO] [net.hgw4.hal.CommTech] CommTech - in getCurSensData 
[2011-09-21 10:55:04,276] [poll data from temp sensor] [INFO] [net.hgw4.hal.CommTech] --> getData <-- 
[2011-09-21 10:55:04,276] [poll data from temp sensor] [INFO] [net.hgw4.hal.CommTech] serial1 curMsg: {"value":"411"} 
[2011-09-21 10:55:04,278] [poll data from temp sensor] [INFO] [net.hgw4.hal.DataMsgBuilder] --> DataMsgBuilderLogger <-- 
[2011-09-21 10:55:04,278] [poll data from temp sensor] [INFO] [net.hgw4.TestAle] sensor:0003 
[2011-09-21 10:55:04,278] [poll data from temp sensor] [INFO] [net.hgw4.TestAle] endpoint:0001 
[2011-09-21 10:55:04,278] [poll data from temp sensor] [INFO] [net.hgw4.TestAle] msgid:30 
[2011-09-21 10:55:04,278] [poll data from temp sensor] [INFO] [net.hgw4.TestAle] timestamp:Wed Sep 21 10:55:04 CEST 2011 
[2011-09-21 10:55:04,279] [poll data from temp sensor] [INFO] [net.hgw4.TestAle] data:16.579998 
[2011-09-21 10:55:04,284] [Commetch - dataCollectorThread - serial] [INFO] [net.hgw4.hal.CommTech] CommTech - in DataCollectorThreadRun 
[2011-09-21 10:55:04,285] [Commetch - dataCollectorThread - serial] [INFO] [net.hgw4.hal.CommTech] --> insertData <-- 
[2011-09-21 10:55:04,285] [Commetch - dataCollectorThread - serial] [INFO] [net.hgw4.hal.CommTech] --> processSensorDataLogic <-- 
[2011-09-21 10:55:04,285] [Commetch - dataCollectorThread - serial] [INFO] [net.hgw4.hal.CommTech] --> process <-- 
[2011-09-21 10:55:04,785] [Commetch - dataCollectorThread - serial] [INFO] [net.hgw4.hal.CommTech] CommTech - in DataCollectorThreadRun 
[2011-09-21 10:55:04,785] [Commetch - dataCollectorThread - serial] [INFO] [net.hgw4.hal.CommTech] --> insertData <-- 
[2011-09-21 10:55:04,785] [Commetch - dataCollectorThread - serial] [INFO] [net.hgw4.hal.CommTech] --> processSensorDataLogic <-- 
[2011-09-21 10:55:04,785] [Commetch - dataCollectorThread - serial] [INFO] [net.hgw4.hal.CommTech] --> process <-- 
[2011-09-21 10:55:05,275] [poll data from temp sensor] [INFO] [net.hgw4.TestAle] TestAle TimerTask getDataFromSerial()  
[2011-09-21 10:55:05,275] [poll data from temp sensor] [INFO] [net.hgw4.TestAle] ------------------ Serial Temp Sensor ------------------------ 
[2011-09-21 10:55:05,275] [poll data from temp sensor] [INFO] [net.hgw4.hal.Hal] Hal - pollSensors  
[2011-09-21 10:55:05,275] [poll data from temp sensor] [INFO] [net.hgw4.hal.CommTech] CommTech - in getCurSensData 
[2011-09-21 10:55:05,275] [poll data from temp sensor] [INFO] [net.hgw4.hal.CommTech] --> getData <-- 
[2011-09-21 10:55:05,276] [poll data from temp sensor] [INFO] [net.hgw4.hal.CommTech] serial1 curMsg: {"value":"411"} 
[2011-09-21 10:55:05,277] [poll data from temp sensor] [INFO] [net.hgw4.hal.DataMsgBuilder] --> DataMsgBuilderLogger <-- 
[2011-09-21 10:55:05,277] [poll data from temp sensor] [INFO] [net.hgw4.TestAle] sensor:0003 
[2011-09-21 10:55:05,277] [poll data from temp sensor] [INFO] [net.hgw4.TestAle] endpoint:0001 
[2011-09-21 10:55:05,277] [poll data from temp sensor] [INFO] [net.hgw4.TestAle] msgid:32 
[2011-09-21 10:55:05,277] [poll data from temp sensor] [INFO] [net.hgw4.TestAle] timestamp:Wed Sep 21 10:55:05 CEST 2011 
[2011-09-21 10:55:05,278] [poll data from temp sensor] [INFO] [net.hgw4.TestAle] data:16.579998 
[2011-09-21 10:55:05,285] [Commetch - dataCollectorThread - serial] [INFO] [net.hgw4.hal.CommTech] CommTech - in DataCollectorThreadRun 
[2011-09-21 10:55:05,285] [Commetch - dataCollectorThread - serial] [INFO] [net.hgw4.hal.CommTech] --> insertData <-- 
[2011-09-21 10:55:05,286] [Commetch - dataCollectorThread - serial] [INFO] [net.hgw4.hal.CommTech] --> processSensorDataLogic <-- 
[2011-09-21 10:55:05,286] [Commetch - dataCollectorThread - serial] [INFO] [net.hgw4.hal.CommTech] --> process <-- 
[2011-09-21 10:55:05,786] [Commetch - dataCollectorThread - serial] [INFO] [net.hgw4.hal.CommTech] CommTech - in DataCollectorThreadRun 
[2011-09-21 10:55:05,786] [Commetch - dataCollectorThread - serial] [INFO] [net.hgw4.hal.CommTech] --> insertData <-- 
[2011-09-21 10:55:05,786] [Commetch - dataCollectorThread - serial] [INFO] [net.hgw4.hal.CommTech] --> processSensorDataLogic <-- 
[2011-09-21 10:55:05,786] [Commetch - dataCollectorThread - serial] [INFO] [net.hgw4.hal.CommTech] --> process <-- 
[2011-09-21 10:55:06,275] [poll data from temp sensor] [INFO] [net.hgw4.TestAle] TestAle TimerTask getDataFromSerial()  
[2011-09-21 10:55:06,275] [poll data from temp sensor] [INFO] [net.hgw4.TestAle] ------------------ Serial Temp Sensor ------------------------ 
[2011-09-21 10:55:06,275] [poll data from temp sensor] [INFO] [net.hgw4.hal.Hal] Hal - pollSensors  
[2011-09-21 10:55:06,275] [poll data from temp sensor] [INFO] [net.hgw4.hal.CommTech] CommTech - in getCurSensData 
[2011-09-21 10:55:06,275] [poll data from temp sensor] [INFO] [net.hgw4.hal.CommTech] --> getData <-- 
[2011-09-21 10:55:06,276] [poll data from temp sensor] [INFO] [net.hgw4.hal.CommTech] serial1 curMsg: {"value":"411"} 
[2011-09-21 10:55:06,277] [poll data from temp sensor] [INFO] [net.hgw4.hal.DataMsgBuilder] --> DataMsgBuilderLogger <-- 
[2011-09-21 10:55:06,277] [poll data from temp sensor] [INFO] [net.hgw4.TestAle] sensor:0003 
[2011-09-21 10:55:06,277] [poll data from temp sensor] [INFO] [net.hgw4.TestAle] endpoint:0001 
[2011-09-21 10:55:06,277] [poll data from temp sensor] [INFO] [net.hgw4.TestAle] msgid:34 
[2011-09-21 10:55:06,277] [poll data from temp sensor] [INFO] [net.hgw4.TestAle] timestamp:Wed Sep 21 10:55:06 CEST 2011 
[2011-09-21 10:55:06,277] [poll data from temp sensor] [INFO] [net.hgw4.TestAle] data:16.579998 
[2011-09-21 10:55:06,286] [Commetch - dataCollectorThread - serial] [INFO] [net.hgw4.hal.CommTech] CommTech - in DataCollectorThreadRun 
[2011-09-21 10:55:06,287] [Commetch - dataCollectorThread - serial] [INFO] [net.hgw4.hal.CommTech] --> insertData <-- 
[2011-09-21 10:55:06,287] [Commetch - dataCollectorThread - serial] [INFO] [net.hgw4.hal.CommTech] --> processSensorDataLogic <-- 
[2011-09-21 10:55:06,287] [Commetch - dataCollectorThread - serial] [INFO] [net.hgw4.hal.CommTech] --> process <-- 
[2011-09-21 10:55:06,787] [Commetch - dataCollectorThread - serial] [INFO] [net.hgw4.hal.CommTech] CommTech - in DataCollectorThreadRun 
[2011-09-21 10:55:06,787] [Commetch - dataCollectorThread - serial] [INFO] [net.hgw4.hal.CommTech] --> insertData <-- 
[2011-09-21 10:55:06,787] [Commetch - dataCollectorThread - serial] [INFO] [net.hgw4.hal.CommTech] --> processSensorDataLogic <-- 
[2011-09-21 10:55:06,787] [Commetch - dataCollectorThread - serial] [INFO] [net.hgw4.hal.CommTech] --> process <-- 
[2011-09-21 10:55:07,275] [poll data from temp sensor] [INFO] [net.hgw4.TestAle] TestAle TimerTask getDataFromSerial()  
[2011-09-21 10:55:07,275] [poll data from temp sensor] [INFO] [net.hgw4.TestAle] ------------------ Serial Temp Sensor ------------------------ 
[2011-09-21 10:55:07,275] [poll data from temp sensor] [INFO] [net.hgw4.hal.Hal] Hal - pollSensors  
[2011-09-21 10:55:07,275] [poll data from temp sensor] [INFO] [net.hgw4.hal.CommTech] CommTech - in getCurSensData 
[2011-09-21 10:55:07,275] [poll data from temp sensor] [INFO] [net.hgw4.hal.CommTech] --> getData <-- 
[2011-09-21 10:55:07,275] [poll data from temp sensor] [INFO] [net.hgw4.hal.CommTech] serial1 curMsg: {"value":"408"} 
[2011-09-21 10:55:07,277] [poll data from temp sensor] [INFO] [net.hgw4.hal.DataMsgBuilder] --> DataMsgBuilderLogger <-- 
[2011-09-21 10:55:07,277] [poll data from temp sensor] [INFO] [net.hgw4.TestAle] sensor:0003 
[2011-09-21 10:55:07,277] [poll data from temp sensor] [INFO] [net.hgw4.TestAle] endpoint:0001 
[2011-09-21 10:55:07,277] [poll data from temp sensor] [INFO] [net.hgw4.TestAle] msgid:36 
[2011-09-21 10:55:07,277] [poll data from temp sensor] [INFO] [net.hgw4.TestAle] timestamp:Wed Sep 21 10:55:07 CEST 2011 
[2011-09-21 10:55:07,277] [poll data from temp sensor] [INFO] [net.hgw4.TestAle] data:15.859998 
[2011-09-21 10:55:07,287] [Commetch - dataCollectorThread - serial] [INFO] [net.hgw4.hal.CommTech] CommTech - in DataCollectorThreadRun 
[2011-09-21 10:55:07,287] [Commetch - dataCollectorThread - serial] [INFO] [net.hgw4.hal.CommTech] --> insertData <-- 
[2011-09-21 10:55:07,287] [Commetch - dataCollectorThread - serial] [INFO] [net.hgw4.hal.CommTech] --> processSensorDataLogic <-- 
[2011-09-21 10:55:07,287] [Commetch - dataCollectorThread - serial] [INFO] [net.hgw4.hal.CommTech] --> process <-- 
[2011-09-21 10:55:07,788] [Commetch - dataCollectorThread - serial] [INFO] [net.hgw4.hal.CommTech] CommTech - in DataCollectorThreadRun 
[2011-09-21 10:55:07,788] [Commetch - dataCollectorThread - serial] [INFO] [net.hgw4.hal.CommTech] --> insertData <-- 
[2011-09-21 10:55:07,788] [Commetch - dataCollectorThread - serial] [INFO] [net.hgw4.hal.CommTech] --> processSensorDataLogic <-- 
[2011-09-21 10:55:07,788] [Commetch - dataCollectorThread - serial] [INFO] [net.hgw4.hal.CommTech] --> process <-- 
[2011-09-21 10:55:08,275] [poll data from temp sensor] [INFO] [net.hgw4.TestAle] TestAle TimerTask getDataFromSerial()  
[2011-09-21 10:55:08,275] [poll data from temp sensor] [INFO] [net.hgw4.TestAle] ------------------ Serial Temp Sensor ------------------------ 
[2011-09-21 10:55:08,275] [poll data from temp sensor] [INFO] [net.hgw4.hal.Hal] Hal - pollSensors  
[2011-09-21 10:55:08,275] [poll data from temp sensor] [INFO] [net.hgw4.hal.CommTech] CommTech - in getCurSensData 
[2011-09-21 10:55:08,275] [poll data from temp sensor] [INFO] [net.hgw4.hal.CommTech] --> getData <-- 
[2011-09-21 10:55:08,275] [poll data from temp sensor] [INFO] [net.hgw4.hal.CommTech] serial1 curMsg: {"value":"408"} 
[2011-09-21 10:55:08,277] [poll data from temp sensor] [INFO] [net.hgw4.hal.DataMsgBuilder] --> DataMsgBuilderLogger <-- 
[2011-09-21 10:55:08,277] [poll data from temp sensor] [INFO] [net.hgw4.TestAle] sensor:0003 
[2011-09-21 10:55:08,277] [poll data from temp sensor] [INFO] [net.hgw4.TestAle] endpoint:0001 
[2011-09-21 10:55:08,277] [poll data from temp sensor] [INFO] [net.hgw4.TestAle] msgid:38 
[2011-09-21 10:55:08,277] [poll data from temp sensor] [INFO] [net.hgw4.TestAle] timestamp:Wed Sep 21 10:55:08 CEST 2011 
[2011-09-21 10:55:08,277] [poll data from temp sensor] [INFO] [net.hgw4.TestAle] data:15.859998 
[2011-09-21 10:55:08,288] [Commetch - dataCollectorThread - serial] [INFO] [net.hgw4.hal.CommTech] CommTech - in DataCollectorThreadRun 
[2011-09-21 10:55:08,288] [Commetch - dataCollectorThread - serial] [INFO] [net.hgw4.hal.CommTech] --> insertData <-- 
[2011-09-21 10:55:08,288] [Commetch - dataCollectorThread - serial] [INFO] [net.hgw4.hal.CommTech] --> processSensorDataLogic <-- 
[2011-09-21 10:55:08,288] [Commetch - dataCollectorThread - serial] [INFO] [net.hgw4.hal.CommTech] --> process <-- 
[2011-09-21 10:55:08,788] [Commetch - dataCollectorThread - serial] [INFO] [net.hgw4.hal.CommTech] CommTech - in DataCollectorThreadRun 
[2011-09-21 10:55:08,788] [Commetch - dataCollectorThread - serial] [INFO] [net.hgw4.hal.CommTech] --> insertData <-- 
[2011-09-21 10:55:08,788] [Commetch - dataCollectorThread - serial] [INFO] [net.hgw4.hal.CommTech] --> processSensorDataLogic <-- 
[2011-09-21 10:55:08,788] [Commetch - dataCollectorThread - serial] [INFO] [net.hgw4.hal.CommTech] --> process <-- 
[2011-09-21 10:55:09,275] [poll data from temp sensor] [INFO] [net.hgw4.TestAle] TestAle TimerTask getDataFromSerial()  
[2011-09-21 10:55:09,275] [poll data from temp sensor] [INFO] [net.hgw4.TestAle] ------------------ Serial Temp Sensor ------------------------ 
[2011-09-21 10:55:09,275] [poll data from temp sensor] [INFO] [net.hgw4.hal.Hal] Hal - pollSensors  
[2011-09-21 10:55:09,275] [poll data from temp sensor] [INFO] [net.hgw4.hal.CommTech] CommTech - in getCurSensData 
[2011-09-21 10:55:09,275] [poll data from temp sensor] [INFO] [net.hgw4.hal.CommTech] --> getData <-- 
[2011-09-21 10:55:09,275] [poll data from temp sensor] [INFO] [net.hgw4.hal.CommTech] serial1 curMsg: {"value":"408"} 
[2011-09-21 10:55:09,277] [poll data from temp sensor] [INFO] [net.hgw4.hal.DataMsgBuilder] --> DataMsgBuilderLogger <-- 
[2011-09-21 10:55:09,277] [poll data from temp sensor] [INFO] [net.hgw4.TestAle] sensor:0003 
[2011-09-21 10:55:09,277] [poll data from temp sensor] [INFO] [net.hgw4.TestAle] endpoint:0001 
[2011-09-21 10:55:09,277] [poll data from temp sensor] [INFO] [net.hgw4.TestAle] msgid:40 
[2011-09-21 10:55:09,277] [poll data from temp sensor] [INFO] [net.hgw4.TestAle] timestamp:Wed Sep 21 10:55:09 CEST 2011 
[2011-09-21 10:55:09,278] [poll data from temp sensor] [INFO] [net.hgw4.TestAle] data:15.859998 
[2011-09-21 10:55:09,288] [Commetch - dataCollectorThread - serial] [INFO] [net.hgw4.hal.CommTech] CommTech - in DataCollectorThreadRun 
[2011-09-21 10:55:09,289] [Commetch - dataCollectorThread - serial] [INFO] [net.hgw4.hal.CommTech] --> insertData <-- 
[2011-09-21 10:55:09,289] [Commetch - dataCollectorThread - serial] [INFO] [net.hgw4.hal.CommTech] --> processSensorDataLogic <-- 
[2011-09-21 10:55:09,289] [Commetch - dataCollectorThread - serial] [INFO] [net.hgw4.hal.CommTech] --> process <-- 
[2011-09-21 10:55:09,789] [Commetch - dataCollectorThread - serial] [INFO] [net.hgw4.hal.CommTech] CommTech - in DataCollectorThreadRun 
[2011-09-21 10:55:09,789] [Commetch - dataCollectorThread - serial] [INFO] [net.hgw4.hal.CommTech] --> insertData <-- 
[2011-09-21 10:55:09,789] [Commetch - dataCollectorThread - serial] [INFO] [net.hgw4.hal.CommTech] --> processSensorDataLogic <-- 
[2011-09-21 10:55:09,789] [Commetch - dataCollectorThread - serial] [INFO] [net.hgw4.hal.CommTech] --> process <-- 
